2017-10-13 09:16:06 [main] INFO  springboot_poi.com.caizhixiang.poi.PoiExcelTest - ------------------1
2017-10-13 09:16:06 [main] INFO  springboot_poi.com.caizhixiang.poi.PoiExcelTest - ------------------1070387363093847547
2017-10-13 09:16:06 [main] INFO  springboot_poi.com.caizhixiang.poi.PoiExcelTest - ------------------29900
2017-10-13 09:16:06 [main] INFO  springboot_poi.com.caizhixiang.poi.PoiExcelTest - ------------------42525
2017-10-13 09:16:06 [main] INFO  springboot_poi.com.caizhixiang.poi.PoiExcelTest - ------------------0.0355671296296296
2017-10-13 09:16:06 [main] INFO  springboot_poi.com.caizhixiang.poi.PoiExcelTest - ------------------下单成功
2017-10-13 09:16:06 [main] INFO  springboot_poi.com.caizhixiang.poi.PoiExcelTest - ------------------1
2017-10-13 09:16:06 [main] INFO  springboot_poi.com.caizhixiang.poi.PoiExcelTest - ------------------发货成功
2017-10-13 09:16:06 [main] INFO  springboot_poi.com.caizhixiang.poi.PoiExcelTest - ------------------155000000
2017-10-13 09:16:06 [main] INFO  springboot_poi.com.caizhixiang.poi.PoiExcelTest - ------------------话费充值20元
2017-10-13 09:16:06 [main] INFO  springboot_poi.com.caizhixiang.poi.PoiExcelTest - ------------------20
2017-10-13 09:16:06 [main] INFO  springboot_poi.com.caizhixiang.poi.PoiExcelTest - ------------------21.34
2017-10-13 09:16:06 [main] INFO  springboot_poi.com.caizhixiang.poi.PoiExcelTest - ------------------1
2017-10-13 09:16:06 [main] INFO  springboot_poi.com.caizhixiang.poi.PoiExcelTest - ------------------2
2017-10-13 09:16:06 [main] INFO  springboot_poi.com.caizhixiang.poi.PoiExcelTest - ------------------1070460789770744247
2017-10-13 09:16:06 [main] INFO  springboot_poi.com.caizhixiang.poi.PoiExcelTest - ------------------300
2017-10-13 09:16:06 [main] INFO  springboot_poi.com.caizhixiang.poi.PoiExcelTest - ------------------42990
2017-10-13 09:16:06 [main] INFO  springboot_poi.com.caizhixiang.poi.PoiExcelTest - ------------------0.498298611111111
2017-10-13 09:16:06 [main] INFO  springboot_poi.com.caizhixiang.poi.PoiExcelTest - ------------------下单成功
2017-10-13 09:16:06 [main] INFO  springboot_poi.com.caizhixiang.poi.PoiExcelTest - ------------------1
2017-10-13 09:16:06 [main] INFO  springboot_poi.com.caizhixiang.poi.PoiExcelTest - ------------------发货成功
2017-10-13 09:16:06 [main] INFO  springboot_poi.com.caizhixiang.poi.PoiExcelTest - ------------------155000001
2017-10-13 09:16:06 [main] INFO  springboot_poi.com.caizhixiang.poi.PoiExcelTest - ------------------话费充值50元
2017-10-13 09:16:06 [main] INFO  springboot_poi.com.caizhixiang.poi.PoiExcelTest - ------------------50
2017-10-13 09:16:06 [main] INFO  springboot_poi.com.caizhixiang.poi.PoiExcelTest - ------------------51.34
2017-10-13 09:16:06 [main] INFO  springboot_poi.com.caizhixiang.poi.PoiExcelTest - ------------------1
2017-10-13 09:16:06 [main] INFO  springboot_poi.com.caizhixiang.poi.PoiExcelTest - ------------------3
2017-10-13 09:16:06 [main] INFO  springboot_poi.com.caizhixiang.poi.PoiExcelTest - ------------------1070782399354679923
2017-10-13 09:16:06 [main] INFO  springboot_poi.com.caizhixiang.poi.PoiExcelTest - ------------------29900
2017-10-13 09:16:06 [main] INFO  springboot_poi.com.caizhixiang.poi.PoiExcelTest - ------------------43255
2017-10-13 09:16:06 [main] INFO  springboot_poi.com.caizhixiang.poi.PoiExcelTest - ------------------0.0355671296296296
2017-10-13 09:16:06 [main] INFO  springboot_poi.com.caizhixiang.poi.PoiExcelTest - ------------------下单成功
2017-10-13 09:16:06 [main] INFO  springboot_poi.com.caizhixiang.poi.PoiExcelTest - ------------------1
2017-10-13 09:16:06 [main] INFO  springboot_poi.com.caizhixiang.poi.PoiExcelTest - ------------------发货成功
2017-10-13 09:16:06 [main] INFO  springboot_poi.com.caizhixiang.poi.PoiExcelTest - ------------------155000002
2017-10-13 09:16:06 [main] INFO  springboot_poi.com.caizhixiang.poi.PoiExcelTest - ------------------话费充值100元
2017-10-13 09:16:06 [main] INFO  springboot_poi.com.caizhixiang.poi.PoiExcelTest - ------------------100
2017-10-13 09:16:06 [main] INFO  springboot_poi.com.caizhixiang.poi.PoiExcelTest - ------------------101.34
2017-10-13 09:16:06 [main] INFO  springboot_poi.com.caizhixiang.poi.PoiExcelTest - ------------------1
2017-10-13 09:23:27 [main] INFO  springboot_poi.com.caizhixiang.poi.PoiExcelTest - ------------------1
2017-10-13 09:23:27 [main] INFO  springboot_poi.com.caizhixiang.poi.PoiExcelTest - ------------------1070387363093847547
2017-10-13 09:23:27 [main] INFO  springboot_poi.com.caizhixiang.poi.PoiExcelTest - ------------------29900
2017-10-13 09:23:27 [main] INFO  springboot_poi.com.caizhixiang.poi.PoiExcelTest - ==========Sat Jun 04 00:00:00 CST 2016
2017-10-13 09:23:27 [main] INFO  springboot_poi.com.caizhixiang.poi.PoiExcelTest - ------------------0.0355671296296296
2017-10-13 09:23:27 [main] INFO  springboot_poi.com.caizhixiang.poi.PoiExcelTest - ------------------下单成功
2017-10-13 09:23:27 [main] INFO  springboot_poi.com.caizhixiang.poi.PoiExcelTest - ------------------1
2017-10-13 09:23:27 [main] INFO  springboot_poi.com.caizhixiang.poi.PoiExcelTest - ------------------发货成功
2017-10-13 09:23:27 [main] INFO  springboot_poi.com.caizhixiang.poi.PoiExcelTest - ------------------155000000
2017-10-13 09:23:27 [main] INFO  springboot_poi.com.caizhixiang.poi.PoiExcelTest - ------------------话费充值20元
2017-10-13 09:23:27 [main] INFO  springboot_poi.com.caizhixiang.poi.PoiExcelTest - ------------------20
2017-10-13 09:23:27 [main] INFO  springboot_poi.com.caizhixiang.poi.PoiExcelTest - ------------------21.34
2017-10-13 09:23:27 [main] INFO  springboot_poi.com.caizhixiang.poi.PoiExcelTest - ------------------1
2017-10-13 09:23:27 [main] INFO  springboot_poi.com.caizhixiang.poi.PoiExcelTest - ------------------2
2017-10-13 09:23:27 [main] INFO  springboot_poi.com.caizhixiang.poi.PoiExcelTest - ------------------1070460789770744247
2017-10-13 09:23:27 [main] INFO  springboot_poi.com.caizhixiang.poi.PoiExcelTest - ------------------300
2017-10-13 09:23:27 [main] INFO  springboot_poi.com.caizhixiang.poi.PoiExcelTest - ==========Tue Sep 12 00:00:00 CST 2017
2017-10-13 09:23:27 [main] INFO  springboot_poi.com.caizhixiang.poi.PoiExcelTest - ------------------0.498298611111111
2017-10-13 09:23:27 [main] INFO  springboot_poi.com.caizhixiang.poi.PoiExcelTest - ------------------下单成功
2017-10-13 09:23:27 [main] INFO  springboot_poi.com.caizhixiang.poi.PoiExcelTest - ------------------1
2017-10-13 09:23:27 [main] INFO  springboot_poi.com.caizhixiang.poi.PoiExcelTest - ------------------发货成功
2017-10-13 09:23:27 [main] INFO  springboot_poi.com.caizhixiang.poi.PoiExcelTest - ------------------155000001
2017-10-13 09:23:27 [main] INFO  springboot_poi.com.caizhixiang.poi.PoiExcelTest - ------------------话费充值50元
2017-10-13 09:23:27 [main] INFO  springboot_poi.com.caizhixiang.poi.PoiExcelTest - ------------------50
2017-10-13 09:23:27 [main] INFO  springboot_poi.com.caizhixiang.poi.PoiExcelTest - ------------------51.34
2017-10-13 09:23:27 [main] INFO  springboot_poi.com.caizhixiang.poi.PoiExcelTest - ------------------1
2017-10-13 09:23:27 [main] INFO  springboot_poi.com.caizhixiang.poi.PoiExcelTest - ------------------3
2017-10-13 09:23:27 [main] INFO  springboot_poi.com.caizhixiang.poi.PoiExcelTest - ------------------1070782399354679923
2017-10-13 09:23:27 [main] INFO  springboot_poi.com.caizhixiang.poi.PoiExcelTest - ------------------29900
2017-10-13 09:23:27 [main] INFO  springboot_poi.com.caizhixiang.poi.PoiExcelTest - ==========Mon Jun 04 00:00:00 CST 2018
2017-10-13 09:23:27 [main] INFO  springboot_poi.com.caizhixiang.poi.PoiExcelTest - ------------------0.0355671296296296
2017-10-13 09:23:27 [main] INFO  springboot_poi.com.caizhixiang.poi.PoiExcelTest - ------------------下单成功
2017-10-13 09:23:27 [main] INFO  springboot_poi.com.caizhixiang.poi.PoiExcelTest - ------------------1
2017-10-13 09:23:27 [main] INFO  springboot_poi.com.caizhixiang.poi.PoiExcelTest - ------------------发货成功
2017-10-13 09:23:27 [main] INFO  springboot_poi.com.caizhixiang.poi.PoiExcelTest - ------------------155000002
2017-10-13 09:23:27 [main] INFO  springboot_poi.com.caizhixiang.poi.PoiExcelTest - ------------------话费充值100元
2017-10-13 09:23:27 [main] INFO  springboot_poi.com.caizhixiang.poi.PoiExcelTest - ------------------100
2017-10-13 09:23:27 [main] INFO  springboot_poi.com.caizhixiang.poi.PoiExcelTest - ------------------101.34
2017-10-13 09:23:27 [main] INFO  springboot_poi.com.caizhixiang.poi.PoiExcelTest - ------------------1
2017-10-13 09:24:11 [main] INFO  springboot_poi.com.caizhixiang.poi.PoiExcelTest - ------------------1
2017-10-13 09:24:11 [main] INFO  springboot_poi.com.caizhixiang.poi.PoiExcelTest - ------------------1070387363093847547
2017-10-13 09:24:11 [main] INFO  springboot_poi.com.caizhixiang.poi.PoiExcelTest - ------------------29900
2017-10-13 09:24:11 [main] INFO  springboot_poi.com.caizhixiang.poi.PoiExcelTest - ==========class java.util.Date
2017-10-13 09:24:11 [main] INFO  springboot_poi.com.caizhixiang.poi.PoiExcelTest - ------------------0.0355671296296296
2017-10-13 09:24:11 [main] INFO  springboot_poi.com.caizhixiang.poi.PoiExcelTest - ------------------下单成功
2017-10-13 09:24:11 [main] INFO  springboot_poi.com.caizhixiang.poi.PoiExcelTest - ------------------1
2017-10-13 09:24:11 [main] INFO  springboot_poi.com.caizhixiang.poi.PoiExcelTest - ------------------发货成功
2017-10-13 09:24:11 [main] INFO  springboot_poi.com.caizhixiang.poi.PoiExcelTest - ------------------155000000
2017-10-13 09:24:11 [main] INFO  springboot_poi.com.caizhixiang.poi.PoiExcelTest - ------------------话费充值20元
2017-10-13 09:24:11 [main] INFO  springboot_poi.com.caizhixiang.poi.PoiExcelTest - ------------------20
2017-10-13 09:24:11 [main] INFO  springboot_poi.com.caizhixiang.poi.PoiExcelTest - ------------------21.34
2017-10-13 09:24:11 [main] INFO  springboot_poi.com.caizhixiang.poi.PoiExcelTest - ------------------1
2017-10-13 09:24:11 [main] INFO  springboot_poi.com.caizhixiang.poi.PoiExcelTest - ------------------2
2017-10-13 09:24:11 [main] INFO  springboot_poi.com.caizhixiang.poi.PoiExcelTest - ------------------1070460789770744247
2017-10-13 09:24:11 [main] INFO  springboot_poi.com.caizhixiang.poi.PoiExcelTest - ------------------300
2017-10-13 09:24:11 [main] INFO  springboot_poi.com.caizhixiang.poi.PoiExcelTest - ==========class java.util.Date
2017-10-13 09:24:11 [main] INFO  springboot_poi.com.caizhixiang.poi.PoiExcelTest - ------------------0.498298611111111
2017-10-13 09:24:11 [main] INFO  springboot_poi.com.caizhixiang.poi.PoiExcelTest - ------------------下单成功
2017-10-13 09:24:11 [main] INFO  springboot_poi.com.caizhixiang.poi.PoiExcelTest - ------------------1
2017-10-13 09:24:11 [main] INFO  springboot_poi.com.caizhixiang.poi.PoiExcelTest - ------------------发货成功
2017-10-13 09:24:11 [main] INFO  springboot_poi.com.caizhixiang.poi.PoiExcelTest - ------------------155000001
2017-10-13 09:24:11 [main] INFO  springboot_poi.com.caizhixiang.poi.PoiExcelTest - ------------------话费充值50元
2017-10-13 09:24:11 [main] INFO  springboot_poi.com.caizhixiang.poi.PoiExcelTest - ------------------50
2017-10-13 09:24:11 [main] INFO  springboot_poi.com.caizhixiang.poi.PoiExcelTest - ------------------51.34
2017-10-13 09:24:11 [main] INFO  springboot_poi.com.caizhixiang.poi.PoiExcelTest - ------------------1
2017-10-13 09:24:11 [main] INFO  springboot_poi.com.caizhixiang.poi.PoiExcelTest - ------------------3
2017-10-13 09:24:11 [main] INFO  springboot_poi.com.caizhixiang.poi.PoiExcelTest - ------------------1070782399354679923
2017-10-13 09:24:11 [main] INFO  springboot_poi.com.caizhixiang.poi.PoiExcelTest - ------------------29900
2017-10-13 09:24:11 [main] INFO  springboot_poi.com.caizhixiang.poi.PoiExcelTest - ==========class java.util.Date
2017-10-13 09:24:11 [main] INFO  springboot_poi.com.caizhixiang.poi.PoiExcelTest - ------------------0.0355671296296296
2017-10-13 09:24:11 [main] INFO  springboot_poi.com.caizhixiang.poi.PoiExcelTest - ------------------下单成功
2017-10-13 09:24:11 [main] INFO  springboot_poi.com.caizhixiang.poi.PoiExcelTest - ------------------1
2017-10-13 09:24:11 [main] INFO  springboot_poi.com.caizhixiang.poi.PoiExcelTest - ------------------发货成功
2017-10-13 09:24:11 [main] INFO  springboot_poi.com.caizhixiang.poi.PoiExcelTest - ------------------155000002
2017-10-13 09:24:11 [main] INFO  springboot_poi.com.caizhixiang.poi.PoiExcelTest - ------------------话费充值100元
2017-10-13 09:24:11 [main] INFO  springboot_poi.com.caizhixiang.poi.PoiExcelTest - ------------------100
2017-10-13 09:24:11 [main] INFO  springboot_poi.com.caizhixiang.poi.PoiExcelTest - ------------------101.34
2017-10-13 09:24:11 [main] INFO  springboot_poi.com.caizhixiang.poi.PoiExcelTest - ------------------1
2017-10-13 09:25:35 [main] INFO  springboot_poi.com.caizhixiang.poi.PoiExcelTest - ----------Sat Jun 04 00:00:00 CST 2016-----------------------------
2017-10-13 09:25:35 [main] INFO  springboot_poi.com.caizhixiang.poi.PoiExcelTest - ----------Tue Sep 12 00:00:00 CST 2017-----------------------------
2017-10-13 09:25:35 [main] INFO  springboot_poi.com.caizhixiang.poi.PoiExcelTest - ----------Mon Jun 04 00:00:00 CST 2018-----------------------------
2017-10-13 14:00:51 [main] INFO  com.caizhixiang.SpringBootProviderApplication - Starting SpringBootProviderApplication on caizhixiang with PID 1256 (C:\Users\Administrator\git\springboot\springboot_poi\target\classes started by Administrator in C:\Users\Administrator\git\springboot\springboot_poi)
2017-10-13 14:00:51 [main] INFO  com.caizhixiang.SpringBootProviderApplication - No active profile set, falling back to default profiles: default
2017-10-13 14:00:52 [background-preinit] INFO  org.hibernate.validator.internal.util.Version - HV000001: Hibernate Validator 5.2.4.Final
2017-10-13 14:00:56 [main] INFO  org.apache.catalina.core.StandardService - Starting service Tomcat
2017-10-13 14:00:56 [main] INFO  org.apache.catalina.core.StandardEngine - Starting Servlet Engine: Apache Tomcat/8.5.6
2017-10-13 14:00:57 [localhost-startStop-1] INFO  org.apache.catalina.core.ContainerBase.[Tomcat].[localhost].[/] - Initializing Spring embedded WebApplicationContext
2017-10-13 14:01:01 [main] INFO  org.apache.coyote.http11.Http11NioProtocol - Initializing ProtocolHandler ["http-nio-80"]
2017-10-13 14:01:01 [main] INFO  org.apache.coyote.http11.Http11NioProtocol - Starting ProtocolHandler [http-nio-80]
2017-10-13 14:01:01 [main] INFO  org.apache.tomcat.util.net.NioSelectorPool - Using a shared selector for servlet write/read
2017-10-13 14:01:01 [main] INFO  com.caizhixiang.SpringBootProviderApplication - Started SpringBootProviderApplication in 11.584 seconds (JVM running for 13.297)
2017-10-13 14:01:30 [http-nio-80-exec-1] INFO  org.apache.catalina.core.ContainerBase.[Tomcat].[localhost].[/] - Initializing Spring FrameworkServlet 'dispatcherServlet'
2017-10-13 14:01:30 [http-nio-80-exec-1] INFO  org.thymeleaf.TemplateEngine - [THYMELEAF] INITIALIZING TEMPLATE ENGINE
2017-10-13 14:01:30 [http-nio-80-exec-1] INFO  org.thymeleaf.templateresolver.AbstractTemplateResolver - [THYMELEAF] INITIALIZING TEMPLATE RESOLVER: org.thymeleaf.templateresolver.ServletContextTemplateResolver
2017-10-13 14:01:30 [http-nio-80-exec-1] INFO  org.thymeleaf.templateresolver.AbstractTemplateResolver - [THYMELEAF] TEMPLATE RESOLVER INITIALIZED OK
2017-10-13 14:01:30 [http-nio-80-exec-1] INFO  org.thymeleaf.templateresolver.AbstractTemplateResolver - [THYMELEAF] INITIALIZING TEMPLATE RESOLVER: org.thymeleaf.spring4.templateresolver.SpringResourceTemplateResolver
2017-10-13 14:01:30 [http-nio-80-exec-1] INFO  org.thymeleaf.templateresolver.AbstractTemplateResolver - [THYMELEAF] TEMPLATE RESOLVER INITIALIZED OK
2017-10-13 14:01:30 [http-nio-80-exec-1] INFO  org.thymeleaf.messageresolver.AbstractMessageResolver - [THYMELEAF] INITIALIZING MESSAGE RESOLVER: org.thymeleaf.spring4.messageresolver.SpringMessageResolver
2017-10-13 14:01:30 [http-nio-80-exec-1] INFO  org.thymeleaf.messageresolver.AbstractMessageResolver - [THYMELEAF] MESSAGE RESOLVER INITIALIZED OK
2017-10-13 14:01:30 [http-nio-80-exec-1] INFO  org.thymeleaf.TemplateEngine.CONFIG - [THYMELEAF] TEMPLATE ENGINE CONFIGURATION:
[THYMELEAF] * Cache Factory implementation: org.thymeleaf.cache.StandardCacheManager
[THYMELEAF] * Template modes:
[THYMELEAF]     * LEGACYHTML5
[THYMELEAF]     * XHTML
[THYMELEAF]     * XML
[THYMELEAF]     * VALIDXML
[THYMELEAF]     * HTML5
[THYMELEAF]     * VALIDXHTML
[THYMELEAF] * Template resolvers (in order):
[THYMELEAF]     * org.thymeleaf.templateresolver.ServletContextTemplateResolver
[THYMELEAF]     * org.thymeleaf.spring4.templateresolver.SpringResourceTemplateResolver
[THYMELEAF] * Message resolvers (in order):
[THYMELEAF]     * org.thymeleaf.spring4.messageresolver.SpringMessageResolver
[THYMELEAF] * Dialect [1 of 2]: org.thymeleaf.spring4.dialect.SpringStandardDialect
[THYMELEAF]     * Prefix: "th"
[THYMELEAF] * Dialect [2 of 2]: nz.net.ultraq.thymeleaf.LayoutDialect
[THYMELEAF]     * Prefix: "layout"
[THYMELEAF] TEMPLATE ENGINE CONFIGURED OK
2017-10-13 14:01:30 [http-nio-80-exec-1] INFO  org.thymeleaf.TemplateEngine - [THYMELEAF] TEMPLATE ENGINE INITIALIZED
2017-10-13 15:19:24 [main] INFO  com.caizhixiang.SpringBootProviderApplication - Starting SpringBootProviderApplication on caizhixiang with PID 4308 (C:\Users\Administrator\git\springboot\springboot_poi\target\classes started by Administrator in C:\Users\Administrator\git\springboot\springboot_poi)
2017-10-13 15:19:24 [main] INFO  com.caizhixiang.SpringBootProviderApplication - No active profile set, falling back to default profiles: default
2017-10-13 15:19:24 [background-preinit] INFO  org.hibernate.validator.internal.util.Version - HV000001: Hibernate Validator 5.2.4.Final
2017-10-13 15:19:27 [main] INFO  org.apache.catalina.core.StandardService - Starting service Tomcat
2017-10-13 15:19:27 [main] INFO  org.apache.catalina.core.StandardEngine - Starting Servlet Engine: Apache Tomcat/8.5.6
2017-10-13 15:19:28 [localhost-startStop-1] INFO  org.apache.catalina.core.ContainerBase.[Tomcat].[localhost].[/] - Initializing Spring embedded WebApplicationContext
2017-10-13 15:19:31 [main] INFO  org.apache.coyote.http11.Http11NioProtocol - Initializing ProtocolHandler ["http-nio-80"]
2017-10-13 15:19:31 [main] INFO  org.apache.coyote.http11.Http11NioProtocol - Starting ProtocolHandler [http-nio-80]
2017-10-13 15:19:31 [main] INFO  org.apache.tomcat.util.net.NioSelectorPool - Using a shared selector for servlet write/read
2017-10-13 15:19:31 [main] INFO  com.caizhixiang.SpringBootProviderApplication - Started SpringBootProviderApplication in 7.777 seconds (JVM running for 8.92)
2017-10-13 15:19:43 [http-nio-80-exec-1] INFO  org.apache.catalina.core.ContainerBase.[Tomcat].[localhost].[/] - Initializing Spring FrameworkServlet 'dispatcherServlet'
2017-10-13 15:19:43 [http-nio-80-exec-1] INFO  org.thymeleaf.TemplateEngine - [THYMELEAF] INITIALIZING TEMPLATE ENGINE
2017-10-13 15:19:43 [http-nio-80-exec-1] INFO  org.thymeleaf.templateresolver.AbstractTemplateResolver - [THYMELEAF] INITIALIZING TEMPLATE RESOLVER: org.thymeleaf.templateresolver.ServletContextTemplateResolver
2017-10-13 15:19:43 [http-nio-80-exec-1] INFO  org.thymeleaf.templateresolver.AbstractTemplateResolver - [THYMELEAF] TEMPLATE RESOLVER INITIALIZED OK
2017-10-13 15:19:43 [http-nio-80-exec-1] INFO  org.thymeleaf.templateresolver.AbstractTemplateResolver - [THYMELEAF] INITIALIZING TEMPLATE RESOLVER: org.thymeleaf.spring4.templateresolver.SpringResourceTemplateResolver
2017-10-13 15:19:43 [http-nio-80-exec-1] INFO  org.thymeleaf.templateresolver.AbstractTemplateResolver - [THYMELEAF] TEMPLATE RESOLVER INITIALIZED OK
2017-10-13 15:19:43 [http-nio-80-exec-1] INFO  org.thymeleaf.messageresolver.AbstractMessageResolver - [THYMELEAF] INITIALIZING MESSAGE RESOLVER: org.thymeleaf.spring4.messageresolver.SpringMessageResolver
2017-10-13 15:19:43 [http-nio-80-exec-1] INFO  org.thymeleaf.messageresolver.AbstractMessageResolver - [THYMELEAF] MESSAGE RESOLVER INITIALIZED OK
2017-10-13 15:19:43 [http-nio-80-exec-1] INFO  org.thymeleaf.TemplateEngine.CONFIG - [THYMELEAF] TEMPLATE ENGINE CONFIGURATION:
[THYMELEAF] * Cache Factory implementation: org.thymeleaf.cache.StandardCacheManager
[THYMELEAF] * Template modes:
[THYMELEAF]     * VALIDXHTML
[THYMELEAF]     * HTML5
[THYMELEAF]     * LEGACYHTML5
[THYMELEAF]     * XML
[THYMELEAF]     * VALIDXML
[THYMELEAF]     * XHTML
[THYMELEAF] * Template resolvers (in order):
[THYMELEAF]     * org.thymeleaf.templateresolver.ServletContextTemplateResolver
[THYMELEAF]     * org.thymeleaf.spring4.templateresolver.SpringResourceTemplateResolver
[THYMELEAF] * Message resolvers (in order):
[THYMELEAF]     * org.thymeleaf.spring4.messageresolver.SpringMessageResolver
[THYMELEAF] * Dialect [1 of 2]: org.thymeleaf.spring4.dialect.SpringStandardDialect
[THYMELEAF]     * Prefix: "th"
[THYMELEAF] * Dialect [2 of 2]: nz.net.ultraq.thymeleaf.LayoutDialect
[THYMELEAF]     * Prefix: "layout"
[THYMELEAF] TEMPLATE ENGINE CONFIGURED OK
2017-10-13 15:19:43 [http-nio-80-exec-1] INFO  org.thymeleaf.TemplateEngine - [THYMELEAF] TEMPLATE ENGINE INITIALIZED
2017-10-13 15:20:50 [main] INFO  com.caizhixiang.SpringBootProviderApplication - Starting SpringBootProviderApplication on caizhixiang with PID 5212 (C:\Users\Administrator\git\springboot\springboot_poi\target\classes started by Administrator in C:\Users\Administrator\git\springboot\springboot_poi)
2017-10-13 15:20:50 [main] INFO  com.caizhixiang.SpringBootProviderApplication - No active profile set, falling back to default profiles: default
2017-10-13 15:20:50 [background-preinit] INFO  org.hibernate.validator.internal.util.Version - HV000001: Hibernate Validator 5.2.4.Final
2017-10-13 15:20:53 [main] INFO  org.apache.catalina.core.StandardService - Starting service Tomcat
2017-10-13 15:20:53 [main] INFO  org.apache.catalina.core.StandardEngine - Starting Servlet Engine: Apache Tomcat/8.5.6
2017-10-13 15:20:53 [localhost-startStop-1] INFO  org.apache.catalina.core.ContainerBase.[Tomcat].[localhost].[/] - Initializing Spring embedded WebApplicationContext
2017-10-13 15:20:57 [main] INFO  org.apache.coyote.http11.Http11NioProtocol - Initializing ProtocolHandler ["http-nio-80"]
2017-10-13 15:20:57 [main] INFO  org.apache.coyote.http11.Http11NioProtocol - Starting ProtocolHandler [http-nio-80]
2017-10-13 15:20:57 [main] INFO  org.apache.tomcat.util.net.NioSelectorPool - Using a shared selector for servlet write/read
2017-10-13 15:20:57 [main] INFO  com.caizhixiang.SpringBootProviderApplication - Started SpringBootProviderApplication in 7.837 seconds (JVM running for 8.897)
2017-10-13 15:21:17 [http-nio-80-exec-1] INFO  org.apache.catalina.core.ContainerBase.[Tomcat].[localhost].[/] - Initializing Spring FrameworkServlet 'dispatcherServlet'
2017-10-13 15:21:17 [http-nio-80-exec-1] INFO  org.thymeleaf.TemplateEngine - [THYMELEAF] INITIALIZING TEMPLATE ENGINE
2017-10-13 15:21:17 [http-nio-80-exec-1] INFO  org.thymeleaf.templateresolver.AbstractTemplateResolver - [THYMELEAF] INITIALIZING TEMPLATE RESOLVER: org.thymeleaf.templateresolver.ServletContextTemplateResolver
2017-10-13 15:21:17 [http-nio-80-exec-1] INFO  org.thymeleaf.templateresolver.AbstractTemplateResolver - [THYMELEAF] TEMPLATE RESOLVER INITIALIZED OK
2017-10-13 15:21:17 [http-nio-80-exec-1] INFO  org.thymeleaf.templateresolver.AbstractTemplateResolver - [THYMELEAF] INITIALIZING TEMPLATE RESOLVER: org.thymeleaf.spring4.templateresolver.SpringResourceTemplateResolver
2017-10-13 15:21:17 [http-nio-80-exec-1] INFO  org.thymeleaf.templateresolver.AbstractTemplateResolver - [THYMELEAF] TEMPLATE RESOLVER INITIALIZED OK
2017-10-13 15:21:17 [http-nio-80-exec-1] INFO  org.thymeleaf.messageresolver.AbstractMessageResolver - [THYMELEAF] INITIALIZING MESSAGE RESOLVER: org.thymeleaf.spring4.messageresolver.SpringMessageResolver
2017-10-13 15:21:17 [http-nio-80-exec-1] INFO  org.thymeleaf.messageresolver.AbstractMessageResolver - [THYMELEAF] MESSAGE RESOLVER INITIALIZED OK
2017-10-13 15:21:17 [http-nio-80-exec-1] INFO  org.thymeleaf.TemplateEngine.CONFIG - [THYMELEAF] TEMPLATE ENGINE CONFIGURATION:
[THYMELEAF] * Cache Factory implementation: org.thymeleaf.cache.StandardCacheManager
[THYMELEAF] * Template modes:
[THYMELEAF]     * XHTML
[THYMELEAF]     * LEGACYHTML5
[THYMELEAF]     * VALIDXHTML
[THYMELEAF]     * HTML5
[THYMELEAF]     * XML
[THYMELEAF]     * VALIDXML
[THYMELEAF] * Template resolvers (in order):
[THYMELEAF]     * org.thymeleaf.templateresolver.ServletContextTemplateResolver
[THYMELEAF]     * org.thymeleaf.spring4.templateresolver.SpringResourceTemplateResolver
[THYMELEAF] * Message resolvers (in order):
[THYMELEAF]     * org.thymeleaf.spring4.messageresolver.SpringMessageResolver
[THYMELEAF] * Dialect [1 of 2]: org.thymeleaf.spring4.dialect.SpringStandardDialect
[THYMELEAF]     * Prefix: "th"
[THYMELEAF] * Dialect [2 of 2]: nz.net.ultraq.thymeleaf.LayoutDialect
[THYMELEAF]     * Prefix: "layout"
[THYMELEAF] TEMPLATE ENGINE CONFIGURED OK
2017-10-13 15:21:17 [http-nio-80-exec-1] INFO  org.thymeleaf.TemplateEngine - [THYMELEAF] TEMPLATE ENGINE INITIALIZED
2017-10-13 15:27:16 [main] INFO  com.caizhixiang.SpringBootProviderApplication - Starting SpringBootProviderApplication on caizhixiang with PID 6132 (C:\Users\Administrator\git\springboot\springboot_poi\target\classes started by Administrator in C:\Users\Administrator\git\springboot\springboot_poi)
2017-10-13 15:27:16 [main] INFO  com.caizhixiang.SpringBootProviderApplication - No active profile set, falling back to default profiles: default
2017-10-13 15:27:16 [background-preinit] INFO  org.hibernate.validator.internal.util.Version - HV000001: Hibernate Validator 5.2.4.Final
2017-10-13 15:27:19 [main] INFO  org.apache.catalina.core.StandardService - Starting service Tomcat
2017-10-13 15:27:19 [main] INFO  org.apache.catalina.core.StandardEngine - Starting Servlet Engine: Apache Tomcat/8.5.6
2017-10-13 15:27:20 [localhost-startStop-1] INFO  org.apache.catalina.core.ContainerBase.[Tomcat].[localhost].[/] - Initializing Spring embedded WebApplicationContext
2017-10-13 15:27:23 [main] INFO  org.apache.coyote.http11.Http11NioProtocol - Initializing ProtocolHandler ["http-nio-80"]
2017-10-13 15:27:23 [main] INFO  org.apache.coyote.http11.Http11NioProtocol - Starting ProtocolHandler [http-nio-80]
2017-10-13 15:27:23 [main] INFO  org.apache.tomcat.util.net.NioSelectorPool - Using a shared selector for servlet write/read
2017-10-13 15:27:23 [main] INFO  com.caizhixiang.SpringBootProviderApplication - Started SpringBootProviderApplication in 7.868 seconds (JVM running for 8.865)
2017-10-13 15:27:34 [http-nio-80-exec-1] INFO  org.apache.catalina.core.ContainerBase.[Tomcat].[localhost].[/] - Initializing Spring FrameworkServlet 'dispatcherServlet'
2017-10-13 15:27:35 [http-nio-80-exec-1] INFO  org.thymeleaf.TemplateEngine - [THYMELEAF] INITIALIZING TEMPLATE ENGINE
2017-10-13 15:27:35 [http-nio-80-exec-1] INFO  org.thymeleaf.templateresolver.AbstractTemplateResolver - [THYMELEAF] INITIALIZING TEMPLATE RESOLVER: org.thymeleaf.templateresolver.ServletContextTemplateResolver
2017-10-13 15:27:35 [http-nio-80-exec-1] INFO  org.thymeleaf.templateresolver.AbstractTemplateResolver - [THYMELEAF] TEMPLATE RESOLVER INITIALIZED OK
2017-10-13 15:27:35 [http-nio-80-exec-1] INFO  org.thymeleaf.templateresolver.AbstractTemplateResolver - [THYMELEAF] INITIALIZING TEMPLATE RESOLVER: org.thymeleaf.spring4.templateresolver.SpringResourceTemplateResolver
2017-10-13 15:27:35 [http-nio-80-exec-1] INFO  org.thymeleaf.templateresolver.AbstractTemplateResolver - [THYMELEAF] TEMPLATE RESOLVER INITIALIZED OK
2017-10-13 15:27:35 [http-nio-80-exec-1] INFO  org.thymeleaf.messageresolver.AbstractMessageResolver - [THYMELEAF] INITIALIZING MESSAGE RESOLVER: org.thymeleaf.spring4.messageresolver.SpringMessageResolver
2017-10-13 15:27:35 [http-nio-80-exec-1] INFO  org.thymeleaf.messageresolver.AbstractMessageResolver - [THYMELEAF] MESSAGE RESOLVER INITIALIZED OK
2017-10-13 15:27:35 [http-nio-80-exec-1] INFO  org.thymeleaf.TemplateEngine.CONFIG - [THYMELEAF] TEMPLATE ENGINE CONFIGURATION:
[THYMELEAF] * Cache Factory implementation: org.thymeleaf.cache.StandardCacheManager
[THYMELEAF] * Template modes:
[THYMELEAF]     * XML
[THYMELEAF]     * HTML5
[THYMELEAF]     * VALIDXML
[THYMELEAF]     * VALIDXHTML
[THYMELEAF]     * XHTML
[THYMELEAF]     * LEGACYHTML5
[THYMELEAF] * Template resolvers (in order):
[THYMELEAF]     * org.thymeleaf.templateresolver.ServletContextTemplateResolver
[THYMELEAF]     * org.thymeleaf.spring4.templateresolver.SpringResourceTemplateResolver
[THYMELEAF] * Message resolvers (in order):
[THYMELEAF]     * org.thymeleaf.spring4.messageresolver.SpringMessageResolver
[THYMELEAF] * Dialect [1 of 2]: org.thymeleaf.spring4.dialect.SpringStandardDialect
[THYMELEAF]     * Prefix: "th"
[THYMELEAF] * Dialect [2 of 2]: nz.net.ultraq.thymeleaf.LayoutDialect
[THYMELEAF]     * Prefix: "layout"
[THYMELEAF] TEMPLATE ENGINE CONFIGURED OK
2017-10-13 15:27:35 [http-nio-80-exec-1] INFO  org.thymeleaf.TemplateEngine - [THYMELEAF] TEMPLATE ENGINE INITIALIZED
