2017-10-15 10:44:33 [main] INFO  com.caizhixiang.SpringBootProviderApplication - Starting SpringBootProviderApplication on caizhixiang with PID 8224 (C:\Users\Administrator\git\springboot\springboot_poi\target\classes started by Administrator in C:\Users\Administrator\git\springboot\springboot_poi)
2017-10-15 10:44:33 [main] INFO  com.caizhixiang.SpringBootProviderApplication - No active profile set, falling back to default profiles: default
2017-10-15 10:44:34 [background-preinit] INFO  org.hibernate.validator.internal.util.Version - HV000001: Hibernate Validator 5.2.4.Final
2017-10-15 10:44:37 [main] INFO  org.apache.catalina.core.StandardService - Starting service Tomcat
2017-10-15 10:44:37 [main] INFO  org.apache.catalina.core.StandardEngine - Starting Servlet Engine: Apache Tomcat/8.5.6
2017-10-15 10:44:38 [localhost-startStop-1] INFO  org.apache.catalina.core.ContainerBase.[Tomcat].[localhost].[/] - Initializing Spring embedded WebApplicationContext
2017-10-15 10:44:41 [main] INFO  org.apache.coyote.http11.Http11NioProtocol - Initializing ProtocolHandler ["http-nio-80"]
2017-10-15 10:44:41 [main] INFO  org.apache.coyote.http11.Http11NioProtocol - Starting ProtocolHandler [http-nio-80]
2017-10-15 10:44:41 [main] INFO  org.apache.tomcat.util.net.NioSelectorPool - Using a shared selector for servlet write/read
2017-10-15 10:44:41 [main] INFO  com.caizhixiang.SpringBootProviderApplication - Started SpringBootProviderApplication in 8.836 seconds (JVM running for 9.898)
2017-10-15 10:45:22 [http-nio-80-exec-1] INFO  org.apache.catalina.core.ContainerBase.[Tomcat].[localhost].[/] - Initializing Spring FrameworkServlet 'dispatcherServlet'
2017-10-15 10:45:22 [http-nio-80-exec-1] INFO  org.thymeleaf.TemplateEngine - [THYMELEAF] INITIALIZING TEMPLATE ENGINE
2017-10-15 10:45:22 [http-nio-80-exec-1] INFO  org.thymeleaf.templateresolver.AbstractTemplateResolver - [THYMELEAF] INITIALIZING TEMPLATE RESOLVER: org.thymeleaf.templateresolver.ServletContextTemplateResolver
2017-10-15 10:45:22 [http-nio-80-exec-1] INFO  org.thymeleaf.templateresolver.AbstractTemplateResolver - [THYMELEAF] TEMPLATE RESOLVER INITIALIZED OK
2017-10-15 10:45:22 [http-nio-80-exec-1] INFO  org.thymeleaf.templateresolver.AbstractTemplateResolver - [THYMELEAF] INITIALIZING TEMPLATE RESOLVER: org.thymeleaf.spring4.templateresolver.SpringResourceTemplateResolver
2017-10-15 10:45:22 [http-nio-80-exec-1] INFO  org.thymeleaf.templateresolver.AbstractTemplateResolver - [THYMELEAF] TEMPLATE RESOLVER INITIALIZED OK
2017-10-15 10:45:22 [http-nio-80-exec-1] INFO  org.thymeleaf.messageresolver.AbstractMessageResolver - [THYMELEAF] INITIALIZING MESSAGE RESOLVER: org.thymeleaf.spring4.messageresolver.SpringMessageResolver
2017-10-15 10:45:22 [http-nio-80-exec-1] INFO  org.thymeleaf.messageresolver.AbstractMessageResolver - [THYMELEAF] MESSAGE RESOLVER INITIALIZED OK
2017-10-15 10:45:22 [http-nio-80-exec-1] INFO  org.thymeleaf.TemplateEngine.CONFIG - [THYMELEAF] TEMPLATE ENGINE CONFIGURATION:
[THYMELEAF] * Cache Factory implementation: org.thymeleaf.cache.StandardCacheManager
[THYMELEAF] * Template modes:
[THYMELEAF]     * XML
[THYMELEAF]     * HTML5
[THYMELEAF]     * XHTML
[THYMELEAF]     * LEGACYHTML5
[THYMELEAF]     * VALIDXML
[THYMELEAF]     * VALIDXHTML
[THYMELEAF] * Template resolvers (in order):
[THYMELEAF]     * org.thymeleaf.templateresolver.ServletContextTemplateResolver
[THYMELEAF]     * org.thymeleaf.spring4.templateresolver.SpringResourceTemplateResolver
[THYMELEAF] * Message resolvers (in order):
[THYMELEAF]     * org.thymeleaf.spring4.messageresolver.SpringMessageResolver
[THYMELEAF] * Dialect [1 of 2]: org.thymeleaf.spring4.dialect.SpringStandardDialect
[THYMELEAF]     * Prefix: "th"
[THYMELEAF] * Dialect [2 of 2]: nz.net.ultraq.thymeleaf.LayoutDialect
[THYMELEAF]     * Prefix: "layout"
[THYMELEAF] TEMPLATE ENGINE CONFIGURED OK
2017-10-15 10:45:22 [http-nio-80-exec-1] INFO  org.thymeleaf.TemplateEngine - [THYMELEAF] TEMPLATE ENGINE INITIALIZED
2017-10-15 10:52:43 [main] INFO  com.caizhixiang.SpringBootProviderApplication - Starting SpringBootProviderApplication on caizhixiang with PID 4076 (C:\Users\Administrator\git\springboot\springboot_poi\target\classes started by Administrator in C:\Users\Administrator\git\springboot\springboot_poi)
2017-10-15 10:52:43 [main] INFO  com.caizhixiang.SpringBootProviderApplication - No active profile set, falling back to default profiles: default
2017-10-15 10:52:44 [background-preinit] INFO  org.hibernate.validator.internal.util.Version - HV000001: Hibernate Validator 5.2.4.Final
2017-10-15 10:52:48 [main] INFO  org.apache.catalina.core.StandardService - Starting service Tomcat
2017-10-15 10:52:48 [main] INFO  org.apache.catalina.core.StandardEngine - Starting Servlet Engine: Apache Tomcat/8.5.6
2017-10-15 10:52:48 [localhost-startStop-1] INFO  org.apache.catalina.core.ContainerBase.[Tomcat].[localhost].[/] - Initializing Spring embedded WebApplicationContext
2017-10-15 10:52:52 [main] INFO  org.apache.coyote.http11.Http11NioProtocol - Initializing ProtocolHandler ["http-nio-80"]
2017-10-15 10:52:52 [main] INFO  org.apache.coyote.http11.Http11NioProtocol - Starting ProtocolHandler [http-nio-80]
2017-10-15 10:52:52 [main] INFO  org.apache.tomcat.util.net.NioSelectorPool - Using a shared selector for servlet write/read
2017-10-15 10:52:52 [main] INFO  com.caizhixiang.SpringBootProviderApplication - Started SpringBootProviderApplication in 9.694 seconds (JVM running for 10.893)
2017-10-15 10:53:09 [http-nio-80-exec-1] INFO  org.apache.catalina.core.ContainerBase.[Tomcat].[localhost].[/] - Initializing Spring FrameworkServlet 'dispatcherServlet'
2017-10-15 10:53:09 [http-nio-80-exec-1] INFO  org.thymeleaf.TemplateEngine - [THYMELEAF] INITIALIZING TEMPLATE ENGINE
2017-10-15 10:53:09 [http-nio-80-exec-1] INFO  org.thymeleaf.templateresolver.AbstractTemplateResolver - [THYMELEAF] INITIALIZING TEMPLATE RESOLVER: org.thymeleaf.templateresolver.ServletContextTemplateResolver
2017-10-15 10:53:09 [http-nio-80-exec-1] INFO  org.thymeleaf.templateresolver.AbstractTemplateResolver - [THYMELEAF] TEMPLATE RESOLVER INITIALIZED OK
2017-10-15 10:53:09 [http-nio-80-exec-1] INFO  org.thymeleaf.templateresolver.AbstractTemplateResolver - [THYMELEAF] INITIALIZING TEMPLATE RESOLVER: org.thymeleaf.spring4.templateresolver.SpringResourceTemplateResolver
2017-10-15 10:53:09 [http-nio-80-exec-1] INFO  org.thymeleaf.templateresolver.AbstractTemplateResolver - [THYMELEAF] TEMPLATE RESOLVER INITIALIZED OK
2017-10-15 10:53:09 [http-nio-80-exec-1] INFO  org.thymeleaf.messageresolver.AbstractMessageResolver - [THYMELEAF] INITIALIZING MESSAGE RESOLVER: org.thymeleaf.spring4.messageresolver.SpringMessageResolver
2017-10-15 10:53:09 [http-nio-80-exec-1] INFO  org.thymeleaf.messageresolver.AbstractMessageResolver - [THYMELEAF] MESSAGE RESOLVER INITIALIZED OK
2017-10-15 10:53:09 [http-nio-80-exec-1] INFO  org.thymeleaf.TemplateEngine.CONFIG - [THYMELEAF] TEMPLATE ENGINE CONFIGURATION:
[THYMELEAF] * Cache Factory implementation: org.thymeleaf.cache.StandardCacheManager
[THYMELEAF] * Template modes:
[THYMELEAF]     * VALIDXHTML
[THYMELEAF]     * LEGACYHTML5
[THYMELEAF]     * HTML5
[THYMELEAF]     * VALIDXML
[THYMELEAF]     * XHTML
[THYMELEAF]     * XML
[THYMELEAF] * Template resolvers (in order):
[THYMELEAF]     * org.thymeleaf.templateresolver.ServletContextTemplateResolver
[THYMELEAF]     * org.thymeleaf.spring4.templateresolver.SpringResourceTemplateResolver
[THYMELEAF] * Message resolvers (in order):
[THYMELEAF]     * org.thymeleaf.spring4.messageresolver.SpringMessageResolver
[THYMELEAF] * Dialect [1 of 2]: org.thymeleaf.spring4.dialect.SpringStandardDialect
[THYMELEAF]     * Prefix: "th"
[THYMELEAF] * Dialect [2 of 2]: nz.net.ultraq.thymeleaf.LayoutDialect
[THYMELEAF]     * Prefix: "layout"
[THYMELEAF] TEMPLATE ENGINE CONFIGURED OK
2017-10-15 10:53:09 [http-nio-80-exec-1] INFO  org.thymeleaf.TemplateEngine - [THYMELEAF] TEMPLATE ENGINE INITIALIZED
2017-10-15 11:03:22 [main] INFO  com.caizhixiang.SpringBootProviderApplication - Starting SpringBootProviderApplication on caizhixiang with PID 8720 (C:\Users\Administrator\git\springboot\springboot_poi\target\classes started by Administrator in C:\Users\Administrator\git\springboot\springboot_poi)
2017-10-15 11:03:22 [main] INFO  com.caizhixiang.SpringBootProviderApplication - No active profile set, falling back to default profiles: default
2017-10-15 11:03:23 [background-preinit] INFO  org.hibernate.validator.internal.util.Version - HV000001: Hibernate Validator 5.2.4.Final
2017-10-15 11:03:26 [main] INFO  org.apache.catalina.core.StandardService - Starting service Tomcat
2017-10-15 11:03:26 [main] INFO  org.apache.catalina.core.StandardEngine - Starting Servlet Engine: Apache Tomcat/8.5.6
2017-10-15 11:03:26 [localhost-startStop-1] INFO  org.apache.catalina.core.ContainerBase.[Tomcat].[localhost].[/] - Initializing Spring embedded WebApplicationContext
2017-10-15 11:03:31 [main] INFO  org.apache.coyote.http11.Http11NioProtocol - Initializing ProtocolHandler ["http-nio-80"]
2017-10-15 11:03:31 [main] INFO  org.apache.coyote.http11.Http11NioProtocol - Starting ProtocolHandler [http-nio-80]
2017-10-15 11:03:31 [main] INFO  org.apache.tomcat.util.net.NioSelectorPool - Using a shared selector for servlet write/read
2017-10-15 11:03:31 [main] INFO  com.caizhixiang.SpringBootProviderApplication - Started SpringBootProviderApplication in 9.185 seconds (JVM running for 10.313)
2017-10-15 11:03:54 [http-nio-80-exec-1] INFO  org.apache.catalina.core.ContainerBase.[Tomcat].[localhost].[/] - Initializing Spring FrameworkServlet 'dispatcherServlet'
2017-10-15 11:03:54 [http-nio-80-exec-1] INFO  org.thymeleaf.TemplateEngine - [THYMELEAF] INITIALIZING TEMPLATE ENGINE
2017-10-15 11:03:54 [http-nio-80-exec-1] INFO  org.thymeleaf.templateresolver.AbstractTemplateResolver - [THYMELEAF] INITIALIZING TEMPLATE RESOLVER: org.thymeleaf.templateresolver.ServletContextTemplateResolver
2017-10-15 11:03:54 [http-nio-80-exec-1] INFO  org.thymeleaf.templateresolver.AbstractTemplateResolver - [THYMELEAF] TEMPLATE RESOLVER INITIALIZED OK
2017-10-15 11:03:54 [http-nio-80-exec-1] INFO  org.thymeleaf.templateresolver.AbstractTemplateResolver - [THYMELEAF] INITIALIZING TEMPLATE RESOLVER: org.thymeleaf.spring4.templateresolver.SpringResourceTemplateResolver
2017-10-15 11:03:54 [http-nio-80-exec-1] INFO  org.thymeleaf.templateresolver.AbstractTemplateResolver - [THYMELEAF] TEMPLATE RESOLVER INITIALIZED OK
2017-10-15 11:03:54 [http-nio-80-exec-1] INFO  org.thymeleaf.messageresolver.AbstractMessageResolver - [THYMELEAF] INITIALIZING MESSAGE RESOLVER: org.thymeleaf.spring4.messageresolver.SpringMessageResolver
2017-10-15 11:03:54 [http-nio-80-exec-1] INFO  org.thymeleaf.messageresolver.AbstractMessageResolver - [THYMELEAF] MESSAGE RESOLVER INITIALIZED OK
2017-10-15 11:03:54 [http-nio-80-exec-1] INFO  org.thymeleaf.TemplateEngine.CONFIG - [THYMELEAF] TEMPLATE ENGINE CONFIGURATION:
[THYMELEAF] * Cache Factory implementation: org.thymeleaf.cache.StandardCacheManager
[THYMELEAF] * Template modes:
[THYMELEAF]     * XML
[THYMELEAF]     * VALIDXML
[THYMELEAF]     * XHTML
[THYMELEAF]     * LEGACYHTML5
[THYMELEAF]     * VALIDXHTML
[THYMELEAF]     * HTML5
[THYMELEAF] * Template resolvers (in order):
[THYMELEAF]     * org.thymeleaf.templateresolver.ServletContextTemplateResolver
[THYMELEAF]     * org.thymeleaf.spring4.templateresolver.SpringResourceTemplateResolver
[THYMELEAF] * Message resolvers (in order):
[THYMELEAF]     * org.thymeleaf.spring4.messageresolver.SpringMessageResolver
[THYMELEAF] * Dialect [1 of 2]: org.thymeleaf.spring4.dialect.SpringStandardDialect
[THYMELEAF]     * Prefix: "th"
[THYMELEAF] * Dialect [2 of 2]: nz.net.ultraq.thymeleaf.LayoutDialect
[THYMELEAF]     * Prefix: "layout"
[THYMELEAF] TEMPLATE ENGINE CONFIGURED OK
2017-10-15 11:03:54 [http-nio-80-exec-1] INFO  org.thymeleaf.TemplateEngine - [THYMELEAF] TEMPLATE ENGINE INITIALIZED
2017-10-15 15:17:31 [main] INFO  com.caizhixiang.SpringBootProviderApplication - Starting SpringBootProviderApplication on caizhixiang with PID 9028 (C:\Users\Administrator\git\springboot\springboot_poi\target\classes started by Administrator in C:\Users\Administrator\git\springboot\springboot_poi)
2017-10-15 15:17:31 [main] INFO  com.caizhixiang.SpringBootProviderApplication - No active profile set, falling back to default profiles: default
2017-10-15 15:17:31 [background-preinit] INFO  org.hibernate.validator.internal.util.Version - HV000001: Hibernate Validator 5.2.4.Final
2017-10-15 15:17:35 [main] INFO  org.apache.catalina.core.StandardService - Starting service Tomcat
2017-10-15 15:17:35 [main] INFO  org.apache.catalina.core.StandardEngine - Starting Servlet Engine: Apache Tomcat/8.5.6
2017-10-15 15:17:35 [localhost-startStop-1] INFO  org.apache.catalina.core.ContainerBase.[Tomcat].[localhost].[/] - Initializing Spring embedded WebApplicationContext
2017-10-15 15:17:39 [main] INFO  org.apache.coyote.http11.Http11NioProtocol - Initializing ProtocolHandler ["http-nio-80"]
2017-10-15 15:17:39 [main] INFO  org.apache.coyote.http11.Http11NioProtocol - Starting ProtocolHandler [http-nio-80]
2017-10-15 15:17:39 [main] INFO  org.apache.tomcat.util.net.NioSelectorPool - Using a shared selector for servlet write/read
2017-10-15 15:17:39 [main] INFO  com.caizhixiang.SpringBootProviderApplication - Started SpringBootProviderApplication in 9.027 seconds (JVM running for 10.044)
2017-10-15 15:18:52 [http-nio-80-exec-1] INFO  org.apache.catalina.core.ContainerBase.[Tomcat].[localhost].[/] - Initializing Spring FrameworkServlet 'dispatcherServlet'
2017-10-15 15:18:52 [http-nio-80-exec-1] INFO  org.thymeleaf.TemplateEngine - [THYMELEAF] INITIALIZING TEMPLATE ENGINE
2017-10-15 15:18:52 [http-nio-80-exec-1] INFO  org.thymeleaf.templateresolver.AbstractTemplateResolver - [THYMELEAF] INITIALIZING TEMPLATE RESOLVER: org.thymeleaf.templateresolver.ServletContextTemplateResolver
2017-10-15 15:18:52 [http-nio-80-exec-1] INFO  org.thymeleaf.templateresolver.AbstractTemplateResolver - [THYMELEAF] TEMPLATE RESOLVER INITIALIZED OK
2017-10-15 15:18:52 [http-nio-80-exec-1] INFO  org.thymeleaf.templateresolver.AbstractTemplateResolver - [THYMELEAF] INITIALIZING TEMPLATE RESOLVER: org.thymeleaf.spring4.templateresolver.SpringResourceTemplateResolver
2017-10-15 15:18:52 [http-nio-80-exec-1] INFO  org.thymeleaf.templateresolver.AbstractTemplateResolver - [THYMELEAF] TEMPLATE RESOLVER INITIALIZED OK
2017-10-15 15:18:52 [http-nio-80-exec-1] INFO  org.thymeleaf.messageresolver.AbstractMessageResolver - [THYMELEAF] INITIALIZING MESSAGE RESOLVER: org.thymeleaf.spring4.messageresolver.SpringMessageResolver
2017-10-15 15:18:52 [http-nio-80-exec-1] INFO  org.thymeleaf.messageresolver.AbstractMessageResolver - [THYMELEAF] MESSAGE RESOLVER INITIALIZED OK
2017-10-15 15:18:52 [http-nio-80-exec-1] INFO  org.thymeleaf.TemplateEngine.CONFIG - [THYMELEAF] TEMPLATE ENGINE CONFIGURATION:
[THYMELEAF] * Cache Factory implementation: org.thymeleaf.cache.StandardCacheManager
[THYMELEAF] * Template modes:
[THYMELEAF]     * LEGACYHTML5
[THYMELEAF]     * XML
[THYMELEAF]     * VALIDXML
[THYMELEAF]     * VALIDXHTML
[THYMELEAF]     * HTML5
[THYMELEAF]     * XHTML
[THYMELEAF] * Template resolvers (in order):
[THYMELEAF]     * org.thymeleaf.templateresolver.ServletContextTemplateResolver
[THYMELEAF]     * org.thymeleaf.spring4.templateresolver.SpringResourceTemplateResolver
[THYMELEAF] * Message resolvers (in order):
[THYMELEAF]     * org.thymeleaf.spring4.messageresolver.SpringMessageResolver
[THYMELEAF] * Dialect [1 of 2]: org.thymeleaf.spring4.dialect.SpringStandardDialect
[THYMELEAF]     * Prefix: "th"
[THYMELEAF] * Dialect [2 of 2]: nz.net.ultraq.thymeleaf.LayoutDialect
[THYMELEAF]     * Prefix: "layout"
[THYMELEAF] TEMPLATE ENGINE CONFIGURED OK
2017-10-15 15:18:52 [http-nio-80-exec-1] INFO  org.thymeleaf.TemplateEngine - [THYMELEAF] TEMPLATE ENGINE INITIALIZED
2017-10-15 15:26:17 [main] INFO  com.caizhixiang.SpringBootProviderApplication - Starting SpringBootProviderApplication on caizhixiang with PID 1888 (C:\Users\Administrator\git\springboot\springboot_poi\target\classes started by Administrator in C:\Users\Administrator\git\springboot\springboot_poi)
2017-10-15 15:26:17 [main] INFO  com.caizhixiang.SpringBootProviderApplication - No active profile set, falling back to default profiles: default
2017-10-15 15:26:17 [background-preinit] INFO  org.hibernate.validator.internal.util.Version - HV000001: Hibernate Validator 5.2.4.Final
2017-10-15 15:26:21 [main] INFO  org.apache.catalina.core.StandardService - Starting service Tomcat
2017-10-15 15:26:21 [main] INFO  org.apache.catalina.core.StandardEngine - Starting Servlet Engine: Apache Tomcat/8.5.6
2017-10-15 15:26:22 [localhost-startStop-1] INFO  org.apache.catalina.core.ContainerBase.[Tomcat].[localhost].[/] - Initializing Spring embedded WebApplicationContext
2017-10-15 15:26:25 [main] INFO  org.apache.coyote.http11.Http11NioProtocol - Initializing ProtocolHandler ["http-nio-80"]
2017-10-15 15:26:25 [main] INFO  org.apache.coyote.http11.Http11NioProtocol - Starting ProtocolHandler [http-nio-80]
2017-10-15 15:26:25 [main] INFO  org.apache.tomcat.util.net.NioSelectorPool - Using a shared selector for servlet write/read
2017-10-15 15:26:26 [main] INFO  com.caizhixiang.SpringBootProviderApplication - Started SpringBootProviderApplication in 9.812 seconds (JVM running for 10.892)
2017-10-15 15:26:47 [http-nio-80-exec-1] INFO  org.apache.catalina.core.ContainerBase.[Tomcat].[localhost].[/] - Initializing Spring FrameworkServlet 'dispatcherServlet'
2017-10-15 15:26:47 [http-nio-80-exec-1] INFO  org.thymeleaf.TemplateEngine - [THYMELEAF] INITIALIZING TEMPLATE ENGINE
2017-10-15 15:26:47 [http-nio-80-exec-1] INFO  org.thymeleaf.templateresolver.AbstractTemplateResolver - [THYMELEAF] INITIALIZING TEMPLATE RESOLVER: org.thymeleaf.templateresolver.ServletContextTemplateResolver
2017-10-15 15:26:47 [http-nio-80-exec-1] INFO  org.thymeleaf.templateresolver.AbstractTemplateResolver - [THYMELEAF] TEMPLATE RESOLVER INITIALIZED OK
2017-10-15 15:26:47 [http-nio-80-exec-1] INFO  org.thymeleaf.templateresolver.AbstractTemplateResolver - [THYMELEAF] INITIALIZING TEMPLATE RESOLVER: org.thymeleaf.spring4.templateresolver.SpringResourceTemplateResolver
2017-10-15 15:26:47 [http-nio-80-exec-1] INFO  org.thymeleaf.templateresolver.AbstractTemplateResolver - [THYMELEAF] TEMPLATE RESOLVER INITIALIZED OK
2017-10-15 15:26:47 [http-nio-80-exec-1] INFO  org.thymeleaf.messageresolver.AbstractMessageResolver - [THYMELEAF] INITIALIZING MESSAGE RESOLVER: org.thymeleaf.spring4.messageresolver.SpringMessageResolver
2017-10-15 15:26:47 [http-nio-80-exec-1] INFO  org.thymeleaf.messageresolver.AbstractMessageResolver - [THYMELEAF] MESSAGE RESOLVER INITIALIZED OK
2017-10-15 15:26:47 [http-nio-80-exec-1] INFO  org.thymeleaf.TemplateEngine.CONFIG - [THYMELEAF] TEMPLATE ENGINE CONFIGURATION:
[THYMELEAF] * Cache Factory implementation: org.thymeleaf.cache.StandardCacheManager
[THYMELEAF] * Template modes:
[THYMELEAF]     * HTML5
[THYMELEAF]     * VALIDXHTML
[THYMELEAF]     * XHTML
[THYMELEAF]     * XML
[THYMELEAF]     * VALIDXML
[THYMELEAF]     * LEGACYHTML5
[THYMELEAF] * Template resolvers (in order):
[THYMELEAF]     * org.thymeleaf.templateresolver.ServletContextTemplateResolver
[THYMELEAF]     * org.thymeleaf.spring4.templateresolver.SpringResourceTemplateResolver
[THYMELEAF] * Message resolvers (in order):
[THYMELEAF]     * org.thymeleaf.spring4.messageresolver.SpringMessageResolver
[THYMELEAF] * Dialect [1 of 2]: org.thymeleaf.spring4.dialect.SpringStandardDialect
[THYMELEAF]     * Prefix: "th"
[THYMELEAF] * Dialect [2 of 2]: nz.net.ultraq.thymeleaf.LayoutDialect
[THYMELEAF]     * Prefix: "layout"
[THYMELEAF] TEMPLATE ENGINE CONFIGURED OK
2017-10-15 15:26:47 [http-nio-80-exec-1] INFO  org.thymeleaf.TemplateEngine - [THYMELEAF] TEMPLATE ENGINE INITIALIZED
2017-10-15 15:33:21 [main] INFO  com.caizhixiang.SpringBootProviderApplication - Starting SpringBootProviderApplication on caizhixiang with PID 4456 (C:\Users\Administrator\git\springboot\springboot_poi\target\classes started by Administrator in C:\Users\Administrator\git\springboot\springboot_poi)
2017-10-15 15:33:21 [main] INFO  com.caizhixiang.SpringBootProviderApplication - No active profile set, falling back to default profiles: default
2017-10-15 15:33:21 [background-preinit] INFO  org.hibernate.validator.internal.util.Version - HV000001: Hibernate Validator 5.2.4.Final
2017-10-15 15:33:25 [main] INFO  org.apache.catalina.core.StandardService - Starting service Tomcat
2017-10-15 15:33:25 [main] INFO  org.apache.catalina.core.StandardEngine - Starting Servlet Engine: Apache Tomcat/8.5.6
2017-10-15 15:33:25 [localhost-startStop-1] INFO  org.apache.catalina.core.ContainerBase.[Tomcat].[localhost].[/] - Initializing Spring embedded WebApplicationContext
2017-10-15 15:33:29 [main] INFO  org.apache.coyote.http11.Http11NioProtocol - Initializing ProtocolHandler ["http-nio-80"]
2017-10-15 15:33:29 [main] INFO  org.apache.coyote.http11.Http11NioProtocol - Starting ProtocolHandler [http-nio-80]
2017-10-15 15:33:29 [main] INFO  org.apache.tomcat.util.net.NioSelectorPool - Using a shared selector for servlet write/read
2017-10-15 15:33:29 [main] INFO  com.caizhixiang.SpringBootProviderApplication - Started SpringBootProviderApplication in 8.988 seconds (JVM running for 10.267)
2017-10-15 15:34:40 [http-nio-80-exec-1] INFO  org.apache.catalina.core.ContainerBase.[Tomcat].[localhost].[/] - Initializing Spring FrameworkServlet 'dispatcherServlet'
2017-10-15 15:34:40 [http-nio-80-exec-1] INFO  org.thymeleaf.TemplateEngine - [THYMELEAF] INITIALIZING TEMPLATE ENGINE
2017-10-15 15:34:40 [http-nio-80-exec-1] INFO  org.thymeleaf.templateresolver.AbstractTemplateResolver - [THYMELEAF] INITIALIZING TEMPLATE RESOLVER: org.thymeleaf.templateresolver.ServletContextTemplateResolver
2017-10-15 15:34:40 [http-nio-80-exec-1] INFO  org.thymeleaf.templateresolver.AbstractTemplateResolver - [THYMELEAF] TEMPLATE RESOLVER INITIALIZED OK
2017-10-15 15:34:40 [http-nio-80-exec-1] INFO  org.thymeleaf.templateresolver.AbstractTemplateResolver - [THYMELEAF] INITIALIZING TEMPLATE RESOLVER: org.thymeleaf.spring4.templateresolver.SpringResourceTemplateResolver
2017-10-15 15:34:40 [http-nio-80-exec-1] INFO  org.thymeleaf.templateresolver.AbstractTemplateResolver - [THYMELEAF] TEMPLATE RESOLVER INITIALIZED OK
2017-10-15 15:34:40 [http-nio-80-exec-1] INFO  org.thymeleaf.messageresolver.AbstractMessageResolver - [THYMELEAF] INITIALIZING MESSAGE RESOLVER: org.thymeleaf.spring4.messageresolver.SpringMessageResolver
2017-10-15 15:34:40 [http-nio-80-exec-1] INFO  org.thymeleaf.messageresolver.AbstractMessageResolver - [THYMELEAF] MESSAGE RESOLVER INITIALIZED OK
2017-10-15 15:34:40 [http-nio-80-exec-1] INFO  org.thymeleaf.TemplateEngine.CONFIG - [THYMELEAF] TEMPLATE ENGINE CONFIGURATION:
[THYMELEAF] * Cache Factory implementation: org.thymeleaf.cache.StandardCacheManager
[THYMELEAF] * Template modes:
[THYMELEAF]     * VALIDXHTML
[THYMELEAF]     * VALIDXML
[THYMELEAF]     * HTML5
[THYMELEAF]     * LEGACYHTML5
[THYMELEAF]     * XML
[THYMELEAF]     * XHTML
[THYMELEAF] * Template resolvers (in order):
[THYMELEAF]     * org.thymeleaf.templateresolver.ServletContextTemplateResolver
[THYMELEAF]     * org.thymeleaf.spring4.templateresolver.SpringResourceTemplateResolver
[THYMELEAF] * Message resolvers (in order):
[THYMELEAF]     * org.thymeleaf.spring4.messageresolver.SpringMessageResolver
[THYMELEAF] * Dialect [1 of 2]: org.thymeleaf.spring4.dialect.SpringStandardDialect
[THYMELEAF]     * Prefix: "th"
[THYMELEAF] * Dialect [2 of 2]: nz.net.ultraq.thymeleaf.LayoutDialect
[THYMELEAF]     * Prefix: "layout"
[THYMELEAF] TEMPLATE ENGINE CONFIGURED OK
2017-10-15 15:34:40 [http-nio-80-exec-1] INFO  org.thymeleaf.TemplateEngine - [THYMELEAF] TEMPLATE ENGINE INITIALIZED
2017-10-15 15:38:56 [main] INFO  com.caizhixiang.SpringBootProviderApplication - Starting SpringBootProviderApplication on caizhixiang with PID 2892 (C:\Users\Administrator\git\springboot\springboot_poi\target\classes started by Administrator in C:\Users\Administrator\git\springboot\springboot_poi)
2017-10-15 15:38:56 [main] INFO  com.caizhixiang.SpringBootProviderApplication - No active profile set, falling back to default profiles: default
2017-10-15 15:38:56 [background-preinit] INFO  org.hibernate.validator.internal.util.Version - HV000001: Hibernate Validator 5.2.4.Final
2017-10-15 15:39:00 [main] INFO  org.apache.catalina.core.StandardService - Starting service Tomcat
2017-10-15 15:39:00 [main] INFO  org.apache.catalina.core.StandardEngine - Starting Servlet Engine: Apache Tomcat/8.5.6
2017-10-15 15:39:00 [localhost-startStop-1] INFO  org.apache.catalina.core.ContainerBase.[Tomcat].[localhost].[/] - Initializing Spring embedded WebApplicationContext
2017-10-15 15:39:04 [main] INFO  org.apache.coyote.http11.Http11NioProtocol - Initializing ProtocolHandler ["http-nio-80"]
2017-10-15 15:39:04 [main] INFO  org.apache.coyote.http11.Http11NioProtocol - Starting ProtocolHandler [http-nio-80]
2017-10-15 15:39:04 [main] INFO  org.apache.tomcat.util.net.NioSelectorPool - Using a shared selector for servlet write/read
2017-10-15 15:39:04 [main] INFO  com.caizhixiang.SpringBootProviderApplication - Started SpringBootProviderApplication in 9.136 seconds (JVM running for 10.284)
2017-10-15 15:39:23 [http-nio-80-exec-1] INFO  org.apache.catalina.core.ContainerBase.[Tomcat].[localhost].[/] - Initializing Spring FrameworkServlet 'dispatcherServlet'
2017-10-15 15:39:23 [http-nio-80-exec-1] INFO  org.thymeleaf.TemplateEngine - [THYMELEAF] INITIALIZING TEMPLATE ENGINE
2017-10-15 15:39:23 [http-nio-80-exec-1] INFO  org.thymeleaf.templateresolver.AbstractTemplateResolver - [THYMELEAF] INITIALIZING TEMPLATE RESOLVER: org.thymeleaf.templateresolver.ServletContextTemplateResolver
2017-10-15 15:39:23 [http-nio-80-exec-1] INFO  org.thymeleaf.templateresolver.AbstractTemplateResolver - [THYMELEAF] TEMPLATE RESOLVER INITIALIZED OK
2017-10-15 15:39:23 [http-nio-80-exec-1] INFO  org.thymeleaf.templateresolver.AbstractTemplateResolver - [THYMELEAF] INITIALIZING TEMPLATE RESOLVER: org.thymeleaf.spring4.templateresolver.SpringResourceTemplateResolver
2017-10-15 15:39:23 [http-nio-80-exec-1] INFO  org.thymeleaf.templateresolver.AbstractTemplateResolver - [THYMELEAF] TEMPLATE RESOLVER INITIALIZED OK
2017-10-15 15:39:23 [http-nio-80-exec-1] INFO  org.thymeleaf.messageresolver.AbstractMessageResolver - [THYMELEAF] INITIALIZING MESSAGE RESOLVER: org.thymeleaf.spring4.messageresolver.SpringMessageResolver
2017-10-15 15:39:23 [http-nio-80-exec-1] INFO  org.thymeleaf.messageresolver.AbstractMessageResolver - [THYMELEAF] MESSAGE RESOLVER INITIALIZED OK
2017-10-15 15:39:23 [http-nio-80-exec-1] INFO  org.thymeleaf.TemplateEngine.CONFIG - [THYMELEAF] TEMPLATE ENGINE CONFIGURATION:
[THYMELEAF] * Cache Factory implementation: org.thymeleaf.cache.StandardCacheManager
[THYMELEAF] * Template modes:
[THYMELEAF]     * XHTML
[THYMELEAF]     * VALIDXHTML
[THYMELEAF]     * HTML5
[THYMELEAF]     * XML
[THYMELEAF]     * VALIDXML
[THYMELEAF]     * LEGACYHTML5
[THYMELEAF] * Template resolvers (in order):
[THYMELEAF]     * org.thymeleaf.templateresolver.ServletContextTemplateResolver
[THYMELEAF]     * org.thymeleaf.spring4.templateresolver.SpringResourceTemplateResolver
[THYMELEAF] * Message resolvers (in order):
[THYMELEAF]     * org.thymeleaf.spring4.messageresolver.SpringMessageResolver
[THYMELEAF] * Dialect [1 of 2]: org.thymeleaf.spring4.dialect.SpringStandardDialect
[THYMELEAF]     * Prefix: "th"
[THYMELEAF] * Dialect [2 of 2]: nz.net.ultraq.thymeleaf.LayoutDialect
[THYMELEAF]     * Prefix: "layout"
[THYMELEAF] TEMPLATE ENGINE CONFIGURED OK
2017-10-15 15:39:23 [http-nio-80-exec-1] INFO  org.thymeleaf.TemplateEngine - [THYMELEAF] TEMPLATE ENGINE INITIALIZED
2017-10-15 15:39:35 [http-nio-80-exec-1] INFO  com.caizhixiang.web.controller.PoiController - batchSave result:
2017-10-15 15:39:35 [http-nio-80-exec-1] INFO  com.caizhixiang.web.controller.PoiController - 上传成功
2017-10-15 15:41:04 [http-nio-80-exec-7] INFO  com.caizhixiang.web.controller.PoiController - batchSave result:
2017-10-15 15:41:04 [http-nio-80-exec-7] INFO  com.caizhixiang.web.controller.PoiController - 上传成功
2017-10-15 15:42:21 [http-nio-80-exec-1] INFO  com.caizhixiang.web.controller.PoiController - batchSave result:
2017-10-15 15:42:21 [http-nio-80-exec-1] INFO  com.caizhixiang.web.controller.PoiController - 上传成功
2017-10-15 15:43:45 [http-nio-80-exec-9] INFO  com.caizhixiang.web.controller.PoiController - batchSave result:
2017-10-15 15:43:45 [http-nio-80-exec-9] INFO  com.caizhixiang.web.controller.PoiController - 上传成功
